<?xml version="1.0" encoding="utf-8"?><testsuites><testsuite errors="0" failures="0" hostname="ip-192-168-1-140.eu-central-1.compute.internal" name="pytest" skipped="0" tests="1" time="0.024" timestamp="2020-07-10T21:40:44.522197"><testcase classname="tests.unit.test_models" name="test_true" time="0.001"></testcase></testsuite></testsuites>